{"level":"info","message":"${req.method ${req.url}","timestamp":"2025-07-06T12:33:03.238Z"}
{"level":"info","message":"${req.method ${req.url}","timestamp":"2025-07-06T12:38:24.485Z"}
{"level":"info","message":"${req.method ${req.url}","timestamp":"2025-07-06T12:38:37.670Z"}
{"level":"info","message":"${req.method ${req.url}","timestamp":"2025-07-06T12:38:38.844Z"}
{"level":"info","message":"${req.method ${req.url}","timestamp":"2025-07-11T07:31:06.848Z"}
{"level":"info","message":"${req.method ${req.url}","timestamp":"2025-07-11T07:31:36.341Z"}
{"level":"info","message":"${req.method ${req.url}","timestamp":"2025-07-11T07:36:47.098Z"}
{"level":"info","message":"${req.method ${req.url}","timestamp":"2025-07-11T07:37:52.987Z"}
{"level":"info","message":"${req.method ${req.url}","timestamp":"2025-07-11T07:38:03.387Z"}
{"level":"info","message":"${req.method ${req.url}","timestamp":"2025-07-11T07:38:07.835Z"}
{"level":"info","message":"${req.method ${req.url}","timestamp":"2025-07-11T07:38:07.933Z"}
{"level":"info","message":"${req.method ${req.url}","timestamp":"2025-07-11T07:39:13.321Z"}
{"level":"info","message":"${req.method ${req.url}","timestamp":"2025-07-11T07:39:13.476Z"}
{"level":"info","message":"${req.method ${req.url}","timestamp":"2025-07-11T07:39:46.818Z"}
{"level":"info","message":"${req.method ${req.url}","timestamp":"2025-07-11T07:39:46.903Z"}
{"level":"info","message":"${req.method ${req.url}","timestamp":"2025-07-11T07:46:46.661Z"}
{"level":"info","message":"${req.method ${req.url}","timestamp":"2025-07-11T07:46:47.030Z"}
{"level":"info","message":"${req.method ${req.url}","timestamp":"2025-07-11T07:48:42.328Z"}
{"level":"info","message":"${req.method ${req.url}","timestamp":"2025-07-11T07:48:50.732Z"}
{"level":"info","message":"${req.method ${req.url}","timestamp":"2025-07-11T07:49:12.691Z"}
{"level":"info","message":"${req.method ${req.url}","timestamp":"2025-07-11T07:51:09.363Z"}
{"level":"info","message":"${req.method ${req.url}","timestamp":"2025-07-11T07:51:09.442Z"}
{"level":"info","message":"${req.method ${req.url}","timestamp":"2025-07-11T07:51:49.713Z"}
{"level":"info","message":"${req.method ${req.url}","timestamp":"2025-07-11T07:51:50.144Z"}
{"level":"info","message":"${req.method ${req.url}","timestamp":"2025-07-11T07:52:23.862Z"}
{"level":"info","message":"${req.method ${req.url}","timestamp":"2025-07-11T07:52:23.933Z"}
{"level":"info","message":"${req.method ${req.url}","timestamp":"2025-07-11T07:57:31.692Z"}
{"level":"info","message":"${req.method ${req.url}","timestamp":"2025-07-11T07:57:31.990Z"}
{"level":"info","message":"${req.method ${req.url}","timestamp":"2025-07-11T08:56:32.260Z"}
{"level":"info","message":"GET /api/auth/google","timestamp":"2025-07-11T09:29:35.025Z"}
{"level":"info","message":"POST /api/register","timestamp":"2025-07-11T09:30:27.377Z"}
{"level":"info","message":"POST /api/register","timestamp":"2025-07-11T09:30:29.728Z"}
{"level":"info","message":"POST /api/register","timestamp":"2025-07-11T09:30:30.547Z"}
{"level":"info","message":"POST /api/register","timestamp":"2025-07-11T09:30:30.948Z"}
{"level":"info","message":"GET /api/auth/google","timestamp":"2025-07-11T09:32:38.858Z"}
{"level":"info","message":"GET /.well-known/appspecific/com.chrome.devtools.json","timestamp":"2025-07-11T09:32:39.232Z"}
{"level":"info","message":"GET /api/auth/google","timestamp":"2025-07-11T09:34:35.347Z"}
{"level":"info","message":"GET /.well-known/appspecific/com.chrome.devtools.json","timestamp":"2025-07-11T09:34:35.578Z"}
{"level":"info","message":"GET /api/auth/google","timestamp":"2025-07-11T09:38:02.786Z"}
{"level":"info","message":"GET /.well-known/appspecific/com.chrome.devtools.json","timestamp":"2025-07-11T09:38:03.005Z"}
{"level":"info","message":"GET /favicon.ico","timestamp":"2025-07-11T09:38:05.181Z"}
{"level":"info","message":"GET /.well-known/appspecific/com.chrome.devtools.json","timestamp":"2025-07-11T09:38:30.196Z"}
{"level":"info","message":"GET /api/auth/google","timestamp":"2025-07-11T09:38:46.984Z"}
{"level":"info","message":"GET /.well-known/appspecific/com.chrome.devtools.json","timestamp":"2025-07-11T09:38:47.087Z"}
{"level":"info","message":"GET /api/auth/google","timestamp":"2025-07-11T09:49:09.013Z"}
{"level":"info","message":"GET /api/auth/google/callback?code=4%2F0AVMBsJg9Kk4bvwXr3wPLdq9k7jZlB3TH2mx7OMV-6sn_rktwzRwGdh6mhz0UY8ZuSDFN5A&scope=email+profile+https%3A%2F%2Fwww.googleapis.com%2Fauth%2Fuserinfo.profile+https%3A%2F%2Fwww.googleapis.com%2Fauth%2Fuserinfo.email+openid&authuser=0&prompt=consent","timestamp":"2025-07-11T09:50:49.509Z"}
{"level":"info","message":"GET /.well-known/appspecific/com.chrome.devtools.json","timestamp":"2025-07-11T09:50:50.649Z"}
{"level":"info","message":"GET /.well-known/appspecific/com.chrome.devtools.json","timestamp":"2025-07-11T09:51:21.995Z"}
{"level":"info","message":"GET /api/auth/google/callback?code=4%2F0AVMBsJiYhMR3HkM6MtWcVoQCrkvlkuv2lP-AYDE3GLcpBvxMD4CBCDW9VHsqW9GwZFaCFA&scope=email+profile+https%3A%2F%2Fwww.googleapis.com%2Fauth%2Fuserinfo.profile+https%3A%2F%2Fwww.googleapis.com%2Fauth%2Fuserinfo.email+openid&authuser=0&prompt=consent","timestamp":"2025-07-11T09:51:33.360Z"}
{"level":"info","message":"GET /.well-known/appspecific/com.chrome.devtools.json","timestamp":"2025-07-11T09:51:41.334Z"}
{"level":"info","message":"GET /api/auth/google/callback?code=4%2F0AVMBsJhOLFjsZQ4MZtoDQ4ilILSNxEk2UJNqXi7_Hk4DqTOXKbZpUh2gzXvfT1obR8hM9w&scope=email+profile+https%3A%2F%2Fwww.googleapis.com%2Fauth%2Fuserinfo.profile+https%3A%2F%2Fwww.googleapis.com%2Fauth%2Fuserinfo.email+openid&authuser=0&prompt=consent","timestamp":"2025-07-11T09:54:28.310Z"}
{"level":"info","message":"GET /.well-known/appspecific/com.chrome.devtools.json","timestamp":"2025-07-11T09:54:29.639Z"}
{"level":"info","message":"GET /api/auth/google/callback?code=4%2F0AVMBsJi1PppY6zfDB0isSTs4Pr3DFsQOoFdlMVu_nj6ZkIApg_6PYh2sOeVpMFXjqtLXXw&scope=email+profile+https%3A%2F%2Fwww.googleapis.com%2Fauth%2Fuserinfo.profile+https%3A%2F%2Fwww.googleapis.com%2Fauth%2Fuserinfo.email+openid&authuser=0&prompt=consent","timestamp":"2025-07-11T09:56:39.162Z"}
{"level":"info","message":"GET /api/auth/google/callback?code=4%2F0AVMBsJiTFBB_oVn25TqQqTr2qtgCHQ3cV17HAQqK9vYlUXfFXiYsx9PYrajk0SaDPRB0Bg&scope=email+profile+https%3A%2F%2Fwww.googleapis.com%2Fauth%2Fuserinfo.email+https%3A%2F%2Fwww.googleapis.com%2Fauth%2Fuserinfo.profile+openid&authuser=0&prompt=none","timestamp":"2025-07-11T09:57:07.982Z"}
{"level":"info","message":"GET /api/auth/google","timestamp":"2025-07-11T09:57:13.389Z"}
{"level":"info","message":"GET /api/auth/google/callback?code=4%2F0AVMBsJigsgsohDyrRnXwnZaxwciHjmWpDMr9FkU1ZaOOq8awFVklPCISJrvxoxsxzH5f2g&scope=email+profile+openid+https%3A%2F%2Fwww.googleapis.com%2Fauth%2Fuserinfo.email+https%3A%2F%2Fwww.googleapis.com%2Fauth%2Fuserinfo.profile&authuser=0&prompt=none","timestamp":"2025-07-11T09:57:13.733Z"}
{"level":"info","message":"GET /api/auth/google","timestamp":"2025-07-11T09:57:58.672Z"}
{"level":"info","message":"GET /api/auth/google/callback?code=4%2F0AVMBsJhmv3vKQqnYrceVhIsO0D4_E2gDvmzPpfjkS446f0A4T6AOKfkdfZZgPxIZDyxd8g&scope=email+profile+https%3A%2F%2Fwww.googleapis.com%2Fauth%2Fuserinfo.email+https%3A%2F%2Fwww.googleapis.com%2Fauth%2Fuserinfo.profile+openid&authuser=0&prompt=none","timestamp":"2025-07-11T09:57:59.160Z"}
{"level":"info","message":"GET /api/auth/google","timestamp":"2025-07-11T09:58:11.188Z"}
{"level":"info","message":"GET /api/auth/google/callback?code=4%2F0AVMBsJjik9_z_5pg6o7J0MuySwCNS1UgbtTo6zjX-Ckd4gynBNnPhXfN7n9_frlcuvLWZw&scope=email+profile+https%3A%2F%2Fwww.googleapis.com%2Fauth%2Fuserinfo.profile+openid+https%3A%2F%2Fwww.googleapis.com%2Fauth%2Fuserinfo.email&authuser=0&prompt=none","timestamp":"2025-07-11T09:58:11.625Z"}
{"level":"info","message":"GET /api/auth/google","timestamp":"2025-07-11T09:58:59.178Z"}
{"level":"info","message":"GET /api/auth/google/callback?code=4%2F0AVMBsJjPv17lKjHByG2h38lTa3KNR4ufWGZWWAuUeFUOHTYEgslbkFvDN72H0y3FacTxEQ&scope=email+profile+https%3A%2F%2Fwww.googleapis.com%2Fauth%2Fuserinfo.email+https%3A%2F%2Fwww.googleapis.com%2Fauth%2Fuserinfo.profile+openid&authuser=0&prompt=none","timestamp":"2025-07-11T09:58:59.626Z"}
{"level":"info","message":"POST /api/register","timestamp":"2025-07-11T10:00:55.802Z"}
{"level":"info","message":"POST /api/register","timestamp":"2025-07-11T10:00:58.731Z"}
{"level":"info","message":"POST /api/register","timestamp":"2025-07-11T10:09:16.632Z"}
{"level":"info","message":"POST /api/register","timestamp":"2025-07-11T10:09:53.070Z"}
{"level":"info","message":"POST /api/register","timestamp":"2025-07-11T10:09:53.939Z"}
{"level":"info","message":"POST /api/register","timestamp":"2025-07-11T10:10:24.575Z"}
{"level":"info","message":"POST /api/register","timestamp":"2025-07-11T10:10:46.928Z"}
{"level":"info","message":"GET /api/auth/google","timestamp":"2025-07-11T10:12:25.332Z"}
{"level":"info","message":"GET /api/auth/google/callback?code=4%2F0AVMBsJh3eU88Lo7l5N9NCw0vgSB3MaQ3meGdYh_ZOAS8Vy66DTLqxPetmd9GlfTxW9mjUg&scope=email+profile+openid+https%3A%2F%2Fwww.googleapis.com%2Fauth%2Fuserinfo.profile+https%3A%2F%2Fwww.googleapis.com%2Fauth%2Fuserinfo.email&authuser=0&prompt=none","timestamp":"2025-07-11T10:12:30.813Z"}
{"level":"info","message":"POST /api/auth/register","timestamp":"2025-07-11T10:14:10.442Z"}
{"level":"info","message":"GET /api/auth/auth/google","timestamp":"2025-07-12T05:37:58.294Z"}
{"level":"info","message":"GET /api/auth/google","timestamp":"2025-07-12T05:38:12.393Z"}
{"level":"info","message":"GET /api/auth/google/callback?code=4%2F0AVMBsJiH_5YxuSur8gJA0yTaQ6todWwGpP9pqGAoM-xeA-YI6SwFOIsxoQe4Hm34boANzg&scope=email+profile+https%3A%2F%2Fwww.googleapis.com%2Fauth%2Fuserinfo.email+https%3A%2F%2Fwww.googleapis.com%2Fauth%2Fuserinfo.profile+openid&authuser=0&prompt=none","timestamp":"2025-07-12T05:38:13.728Z"}
{"level":"info","message":"POST /api/login","timestamp":"2025-07-12T05:38:47.660Z"}
{"level":"info","message":"POST /api/register","timestamp":"2025-07-12T05:39:06.358Z"}
{"level":"info","message":"POST /api/register","timestamp":"2025-07-12T05:39:07.078Z"}
{"level":"info","message":"POST /api/register","timestamp":"2025-07-12T05:43:23.640Z"}
{"level":"info","message":"POST /api/register","timestamp":"2025-07-12T05:44:34.277Z"}
{"level":"info","message":"GET /api/auth/google","timestamp":"2025-07-12T05:46:00.397Z"}
{"level":"info","message":"GET /api/auth/google/callback?code=4%2F0AVMBsJgVZvPNZ0Xk6Aa-hhKMGMiSB6ARan1BRoLNsj4XbUj9ewYFjbDYbyayRhUcZb8kYA&scope=email+profile+https%3A%2F%2Fwww.googleapis.com%2Fauth%2Fuserinfo.email+https%3A%2F%2Fwww.googleapis.com%2Fauth%2Fuserinfo.profile+openid&authuser=0&prompt=none","timestamp":"2025-07-12T05:46:15.051Z"}
{"level":"info","message":"POST /api/auth/register","timestamp":"2025-07-12T05:59:35.599Z"}
{"level":"info","message":"GET /api/auth/google","timestamp":"2025-07-14T14:48:13.680Z"}
{"level":"info","message":"POST /api/auth/login","timestamp":"2025-07-14T14:48:39.644Z"}
{"level":"info","message":"POST /api/auth/login","timestamp":"2025-07-14T14:48:40.911Z"}
{"level":"info","message":"POST /api/auth/login","timestamp":"2025-07-14T14:48:47.460Z"}
{"level":"info","message":"POST /api/auth/login","timestamp":"2025-07-14T14:48:48.717Z"}
{"level":"info","message":"POST /api/auth/register","timestamp":"2025-07-14T14:49:05.909Z"}
{"level":"info","message":"POST /api/auth/register","timestamp":"2025-07-14T14:49:06.765Z"}
{"level":"info","message":"POST /api/auth/login","timestamp":"2025-07-14T14:49:18.964Z"}
{"level":"info","message":"POST /api/auth/login","timestamp":"2025-07-14T14:49:19.828Z"}
{"level":"info","message":"POST /api/auth/register","timestamp":"2025-07-14T14:50:17.590Z"}
{"level":"info","message":"POST /api/auth/register","timestamp":"2025-07-14T14:51:00.247Z"}
{"level":"info","message":"POST /api/auth/register","timestamp":"2025-07-14T14:51:03.744Z"}
{"level":"info","message":"POST /api/auth/login","timestamp":"2025-07-14T14:51:39.559Z"}
{"level":"info","message":"POST /api/auth/login","timestamp":"2025-07-14T15:11:07.372Z"}
{"level":"info","message":"POST /api/auth/login","timestamp":"2025-07-14T15:11:07.405Z"}
{"level":"info","message":"POST /api/auth/login","timestamp":"2025-07-14T15:11:54.035Z"}
{"level":"info","message":"POST /api/auth/register","timestamp":"2025-07-14T15:12:09.942Z"}
{"level":"info","message":"POST /api/auth/register","timestamp":"2025-07-14T17:24:23.155Z"}
{"level":"info","message":"POST /api/auth/register","timestamp":"2025-07-14T17:24:26.047Z"}
{"level":"info","message":"POST /api/auth/login","timestamp":"2025-07-14T17:24:30.861Z"}
{"level":"info","message":"POST /api/auth/login","timestamp":"2025-07-14T17:24:38.471Z"}
{"level":"info","message":"POST /api/auth/login","timestamp":"2025-07-14T17:25:35.090Z"}
{"level":"info","message":"POST /api/auth/login","timestamp":"2025-07-14T17:25:42.621Z"}
{"level":"info","message":"GET /api/auth/google","timestamp":"2025-07-14T17:25:44.946Z"}
{"level":"info","message":"GET /api/auth/google","timestamp":"2025-07-14T17:26:41.591Z"}
{"level":"info","message":"GET /api/auth/google/callback?code=4%2F0AVMBsJi-211BJlkhZYv0pyXo6ruKgchiqA2DRUejNle8le9UdgKTYA7IP81dCJiYLpYMew&scope=email+profile+https%3A%2F%2Fwww.googleapis.com%2Fauth%2Fuserinfo.email+https%3A%2F%2Fwww.googleapis.com%2Fauth%2Fuserinfo.profile+openid&authuser=0&prompt=none","timestamp":"2025-07-14T17:26:42.320Z"}
{"level":"info","message":"GET /favicon.ico","timestamp":"2025-07-14T17:26:47.041Z"}
{"level":"info","message":"GET /api/auth/google","timestamp":"2025-07-14T17:27:07.762Z"}
{"level":"info","message":"GET /api/auth/google/callback?code=4%2F0AVMBsJiUd5J7Q9P5qxVy2gnWIvWSEXbH0HJW7lG-ccgmCaRqXRfJkLF037vrmepUzUpmxw&scope=email+profile+https%3A%2F%2Fwww.googleapis.com%2Fauth%2Fuserinfo.profile+https%3A%2F%2Fwww.googleapis.com%2Fauth%2Fuserinfo.email+openid&authuser=0&prompt=none","timestamp":"2025-07-14T17:27:08.130Z"}
{"level":"info","message":"GET /.well-known/appspecific/com.chrome.devtools.json","timestamp":"2025-07-14T17:27:23.853Z"}
{"level":"info","message":"POST /api/auth/login","timestamp":"2025-07-14T17:29:23.495Z"}
{"level":"info","message":"POST /api/auth/login","timestamp":"2025-07-14T17:29:25.264Z"}
{"level":"info","message":"POST /api/auth/login","timestamp":"2025-07-14T17:29:49.629Z"}
{"level":"info","message":"POST /api/auth/login","timestamp":"2025-07-15T05:08:55.967Z"}
{"level":"info","message":"POST /api/auth/register","timestamp":"2025-07-15T05:09:11.904Z"}
{"level":"info","message":"POST /api/auth/register","timestamp":"2025-07-15T05:48:25.377Z"}
{"level":"info","message":"POST /api/auth/register","timestamp":"2025-07-15T06:00:23.147Z"}
{"level":"info","message":"GET /api/auth/google","timestamp":"2025-07-15T06:00:26.270Z"}
